<?xml version="1.0" encoding="UTF-8"?>
<testng-results ignored="0" total="15" passed="14" failed="1" skipped="0">
  <reporter-output>
  </reporter-output>
  <suite started-at="2025-09-12T21:20:56 IST" name="Default suite" finished-at="2025-09-12T21:24:17 IST" duration-ms="201680">
    <groups>
      <group name="cucumber">
        <method signature="AbstractTestNGCucumberTests.runScenario(io.cucumber.testng.PickleWrapper,io.cucumber.testng.FeatureWrapper)[pri:0, instance:com.runner.TestRunnerTestNG@7530ad9c]" name="runScenario" class="io.cucumber.testng.AbstractTestNGCucumberTests"/>
      </group> <!-- cucumber -->
    </groups>
    <test started-at="2025-09-12T21:20:56 IST" name="Default test" finished-at="2025-09-12T21:24:17 IST" duration-ms="201680">
      <class name="com.runner.TestRunnerTestNG">
        <test-method is-config="true" signature="setUpClass(org.testng.ITestContext)[pri:0, instance:com.runner.TestRunnerTestNG@7530ad9c]" started-at="2025-09-12T21:20:56 IST" name="setUpClass" finished-at="2025-09-12T21:21:01 IST" duration-ms="5171" status="PASS">
          <params>
            <param index="0">
              <value>
                <![CDATA[org.testng.TestRunner@21ab919c]]>
              </value>
            </param>
          </params>
          <reporter-output>
          </reporter-output>
        </test-method> <!-- setUpClass -->
        <test-method signature="runScenario(io.cucumber.testng.PickleWrapper,io.cucumber.testng.FeatureWrapper)[pri:0, instance:com.runner.TestRunnerTestNG@7530ad9c]" started-at="2025-09-12T21:21:01 IST" name="runScenario" description="Runs Cucumber Scenarios" data-provider="scenarios" finished-at="2025-09-12T21:21:08 IST" duration-ms="7017" status="PASS">
          <params>
            <param index="0">
              <value>
                <![CDATA["Invalid location for both comparison fields"]]>
              </value>
            </param>
            <param index="1">
              <value>
                <![CDATA["Invalid Location Comparison"]]>
              </value>
            </param>
          </params>
          <reporter-output>
          </reporter-output>
        </test-method> <!-- runScenario -->
        <test-method signature="runScenario(io.cucumber.testng.PickleWrapper,io.cucumber.testng.FeatureWrapper)[pri:0, instance:com.runner.TestRunnerTestNG@7530ad9c]" started-at="2025-09-12T21:21:08 IST" name="runScenario" description="Runs Cucumber Scenarios" data-provider="scenarios" finished-at="2025-09-12T21:21:16 IST" duration-ms="8396" status="PASS">
          <params>
            <param index="0">
              <value>
                <![CDATA["Invalid location for one field, empty for the other"]]>
              </value>
            </param>
            <param index="1">
              <value>
                <![CDATA["Invalid Location Comparison"]]>
              </value>
            </param>
          </params>
          <reporter-output>
          </reporter-output>
        </test-method> <!-- runScenario -->
        <test-method signature="runScenario(io.cucumber.testng.PickleWrapper,io.cucumber.testng.FeatureWrapper)[pri:0, instance:com.runner.TestRunnerTestNG@7530ad9c]" started-at="2025-09-12T21:21:16 IST" name="runScenario" description="Runs Cucumber Scenarios" data-provider="scenarios" finished-at="2025-09-12T21:21:28 IST" duration-ms="11370" status="PASS">
          <params>
            <param index="0">
              <value>
                <![CDATA["Empty locations for both comparison fields"]]>
              </value>
            </param>
            <param index="1">
              <value>
                <![CDATA["Invalid Location Comparison"]]>
              </value>
            </param>
          </params>
          <reporter-output>
          </reporter-output>
        </test-method> <!-- runScenario -->
        <test-method signature="runScenario(io.cucumber.testng.PickleWrapper,io.cucumber.testng.FeatureWrapper)[pri:0, instance:com.runner.TestRunnerTestNG@7530ad9c]" started-at="2025-09-12T21:21:28 IST" name="runScenario" description="Runs Cucumber Scenarios" data-provider="scenarios" finished-at="2025-09-12T21:21:35 IST" duration-ms="7574" status="PASS">
          <params>
            <param index="0">
              <value>
                <![CDATA["Search for a property with an invalid location"]]>
              </value>
            </param>
            <param index="1">
              <value>
                <![CDATA["Invalid Location Search"]]>
              </value>
            </param>
          </params>
          <reporter-output>
          </reporter-output>
        </test-method> <!-- runScenario -->
        <test-method signature="runScenario(io.cucumber.testng.PickleWrapper,io.cucumber.testng.FeatureWrapper)[pri:0, instance:com.runner.TestRunnerTestNG@7530ad9c]" started-at="2025-09-12T21:21:35 IST" name="runScenario" description="Runs Cucumber Scenarios" data-provider="scenarios" finished-at="2025-09-12T21:21:44 IST" duration-ms="8814" status="PASS">
          <params>
            <param index="0">
              <value>
                <![CDATA["Search for a property with no location"]]>
              </value>
            </param>
            <param index="1">
              <value>
                <![CDATA["Invalid Location Search"]]>
              </value>
            </param>
          </params>
          <reporter-output>
          </reporter-output>
        </test-method> <!-- runScenario -->
        <test-method signature="runScenario(io.cucumber.testng.PickleWrapper,io.cucumber.testng.FeatureWrapper)[pri:0, instance:com.runner.TestRunnerTestNG@7530ad9c]" started-at="2025-09-12T21:21:44 IST" name="runScenario" description="Runs Cucumber Scenarios" data-provider="scenarios" finished-at="2025-09-12T21:21:57 IST" duration-ms="12594" status="PASS">
          <params>
            <param index="0">
              <value>
                <![CDATA["Invalid location entered"]]>
              </value>
            </param>
            <param index="1">
              <value>
                <![CDATA["Search Home Invalid Scenarios"]]>
              </value>
            </param>
          </params>
          <reporter-output>
          </reporter-output>
        </test-method> <!-- runScenario -->
        <test-method signature="runScenario(io.cucumber.testng.PickleWrapper,io.cucumber.testng.FeatureWrapper)[pri:0, instance:com.runner.TestRunnerTestNG@7530ad9c]" started-at="2025-09-12T21:21:57 IST" name="runScenario" description="Runs Cucumber Scenarios" data-provider="scenarios" finished-at="2025-09-12T21:22:07 IST" duration-ms="10003" status="PASS">
          <params>
            <param index="0">
              <value>
                <![CDATA["No location entered"]]>
              </value>
            </param>
            <param index="1">
              <value>
                <![CDATA["Search Home Invalid Scenarios"]]>
              </value>
            </param>
          </params>
          <reporter-output>
          </reporter-output>
        </test-method> <!-- runScenario -->
        <test-method signature="runScenario(io.cucumber.testng.PickleWrapper,io.cucumber.testng.FeatureWrapper)[pri:0, instance:com.runner.TestRunnerTestNG@7530ad9c]" started-at="2025-09-12T21:22:07 IST" name="runScenario" description="Runs Cucumber Scenarios" data-provider="scenarios" finished-at="2025-09-12T21:22:19 IST" duration-ms="11923" status="PASS">
          <params>
            <param index="0">
              <value>
                <![CDATA["Login with invalid mobile number"]]>
              </value>
            </param>
            <param index="1">
              <value>
                <![CDATA["Invalid Login Scenarios"]]>
              </value>
            </param>
          </params>
          <reporter-output>
          </reporter-output>
        </test-method> <!-- runScenario -->
        <test-method signature="runScenario(io.cucumber.testng.PickleWrapper,io.cucumber.testng.FeatureWrapper)[pri:0, instance:com.runner.TestRunnerTestNG@7530ad9c]" started-at="2025-09-12T21:22:19 IST" name="runScenario" description="Runs Cucumber Scenarios" data-provider="scenarios" finished-at="2025-09-12T21:22:31 IST" duration-ms="12483" status="PASS">
          <params>
            <param index="0">
              <value>
                <![CDATA["Login with missing captcha"]]>
              </value>
            </param>
            <param index="1">
              <value>
                <![CDATA["Invalid Login Scenarios"]]>
              </value>
            </param>
          </params>
          <reporter-output>
          </reporter-output>
        </test-method> <!-- runScenario -->
        <test-method signature="runScenario(io.cucumber.testng.PickleWrapper,io.cucumber.testng.FeatureWrapper)[pri:0, instance:com.runner.TestRunnerTestNG@7530ad9c]" started-at="2025-09-12T21:22:31 IST" name="runScenario" description="Runs Cucumber Scenarios" data-provider="scenarios" finished-at="2025-09-12T21:22:42 IST" duration-ms="11017" status="PASS">
          <params>
            <param index="0">
              <value>
                <![CDATA["Login without entering any credentials"]]>
              </value>
            </param>
            <param index="1">
              <value>
                <![CDATA["Invalid Login Scenarios"]]>
              </value>
            </param>
          </params>
          <reporter-output>
          </reporter-output>
        </test-method> <!-- runScenario -->
        <test-method signature="runScenario(io.cucumber.testng.PickleWrapper,io.cucumber.testng.FeatureWrapper)[pri:0, instance:com.runner.TestRunnerTestNG@7530ad9c]" started-at="2025-09-12T21:22:42 IST" name="runScenario" description="Runs Cucumber Scenarios" data-provider="scenarios" finished-at="2025-09-12T21:23:44 IST" duration-ms="62094" status="PASS">
          <params>
            <param index="0">
              <value>
                <![CDATA["Valid user login successfully"]]>
              </value>
            </param>
            <param index="1">
              <value>
                <![CDATA["Login successful"]]>
              </value>
            </param>
          </params>
          <reporter-output>
          </reporter-output>
        </test-method> <!-- runScenario -->
        <test-method signature="runScenario(io.cucumber.testng.PickleWrapper,io.cucumber.testng.FeatureWrapper)[pri:0, instance:com.runner.TestRunnerTestNG@7530ad9c]" started-at="2025-09-12T21:23:44 IST" name="runScenario" description="Runs Cucumber Scenarios" data-provider="scenarios" finished-at="2025-09-12T21:23:52 IST" duration-ms="8163" status="FAIL">
          <params>
            <param index="0">
              <value>
                <![CDATA["Search and validate property listings by location"]]>
              </value>
            </param>
            <param index="1">
              <value>
                <![CDATA["Magicbricks Property Search"]]>
              </value>
            </param>
          </params>
          <exception class="java.lang.AssertionError">
            <message>
              <![CDATA[Failed to redirect to property listing page. expected [true] but found [false]]]>
            </message>
            <full-stacktrace>
              <![CDATA[java.lang.AssertionError: Failed to redirect to property listing page. expected [true] but found [false]
at org.testng.Assert.fail(Assert.java:111)
at org.testng.Assert.failNotEquals(Assert.java:1590)
at org.testng.Assert.assertTrue(Assert.java:57)
at com.stepdefinition.SearchHomeSteps.the_user_should_be_redirected_to_the_property_listing_page(SearchHomeSteps.java:63)
at ✽.the user should be redirected to the property listing page(file:///C:/Users/Jyothirmye/eclipse-workspace/Test_Magicbricks/src/test/resources/features/searchhome.feature:9)
]]>
            </full-stacktrace>
          </exception> <!-- java.lang.AssertionError -->
          <reporter-output>
          </reporter-output>
        </test-method> <!-- runScenario -->
        <test-method signature="runScenario(io.cucumber.testng.PickleWrapper,io.cucumber.testng.FeatureWrapper)[pri:0, instance:com.runner.TestRunnerTestNG@7530ad9c]" started-at="2025-09-12T21:23:52 IST" name="runScenario" description="Runs Cucumber Scenarios" data-provider="scenarios" finished-at="2025-09-12T21:24:00 IST" duration-ms="8018" status="PASS">
          <params>
            <param index="0">
              <value>
                <![CDATA["Verify shortlisting a property from the listing results"]]>
              </value>
            </param>
            <param index="1">
              <value>
                <![CDATA["Shortlist property from listing page"]]>
              </value>
            </param>
          </params>
          <reporter-output>
          </reporter-output>
        </test-method> <!-- runScenario -->
        <test-method signature="runScenario(io.cucumber.testng.PickleWrapper,io.cucumber.testng.FeatureWrapper)[pri:0, instance:com.runner.TestRunnerTestNG@7530ad9c]" started-at="2025-09-12T21:24:00 IST" name="runScenario" description="Runs Cucumber Scenarios" data-provider="scenarios" finished-at="2025-09-12T21:24:05 IST" duration-ms="4688" status="PASS">
          <params>
            <param index="0">
              <value>
                <![CDATA["Explore tips and growth for a specific location"]]>
              </value>
            </param>
            <param index="1">
              <value>
                <![CDATA["Tips and Growth to make informed decisions"]]>
              </value>
            </param>
          </params>
          <reporter-output>
          </reporter-output>
        </test-method> <!-- runScenario -->
        <test-method signature="runScenario(io.cucumber.testng.PickleWrapper,io.cucumber.testng.FeatureWrapper)[pri:0, instance:com.runner.TestRunnerTestNG@7530ad9c]" started-at="2025-09-12T21:24:05 IST" name="runScenario" description="Runs Cucumber Scenarios" data-provider="scenarios" finished-at="2025-09-12T21:24:17 IST" duration-ms="11740" status="PASS">
          <params>
            <param index="0">
              <value>
                <![CDATA["Compare Ambattur Chennai with Tambaram Chennai"]]>
              </value>
            </param>
            <param index="1">
              <value>
                <![CDATA["Compare Two Propertiesto make Decisions"]]>
              </value>
            </param>
          </params>
          <reporter-output>
          </reporter-output>
        </test-method> <!-- runScenario -->
        <test-method is-config="true" signature="tearDownClass()[pri:0, instance:com.runner.TestRunnerTestNG@7530ad9c]" started-at="2025-09-12T21:24:17 IST" name="tearDownClass" finished-at="2025-09-12T21:24:17 IST" duration-ms="542" status="PASS">
          <reporter-output>
          </reporter-output>
        </test-method> <!-- tearDownClass -->
      </class> <!-- com.runner.TestRunnerTestNG -->
    </test> <!-- Default test -->
  </suite> <!-- Default suite -->
</testng-results>
