<?xml version="1.0" encoding="UTF-8"?>
<testng-results ignored="0" total="6" passed="6" failed="0" skipped="0">
  <reporter-output>
  </reporter-output>
  <suite started-at="2025-09-11T17:56:05 IST" name="Default suite" finished-at="2025-09-11T17:58:05 IST" duration-ms="120227">
    <groups>
      <group name="cucumber">
        <method signature="AbstractTestNGCucumberTests.runScenario(io.cucumber.testng.PickleWrapper,io.cucumber.testng.FeatureWrapper)[pri:0, instance:com.runner.TestRunnerTestNG@7530ad9c]" name="runScenario" class="io.cucumber.testng.AbstractTestNGCucumberTests"/>
      </group> <!-- cucumber -->
    </groups>
    <test started-at="2025-09-11T17:56:05 IST" name="Default test" finished-at="2025-09-11T17:58:05 IST" duration-ms="120227">
      <class name="com.runner.TestRunnerTestNG">
        <test-method is-config="true" signature="setUpClass(org.testng.ITestContext)[pri:0, instance:com.runner.TestRunnerTestNG@7530ad9c]" started-at="2025-09-11T17:56:05 IST" name="setUpClass" finished-at="2025-09-11T17:56:10 IST" duration-ms="4945" status="PASS">
          <params>
            <param index="0">
              <value>
                <![CDATA[org.testng.TestRunner@22b82ddf]]>
              </value>
            </param>
          </params>
          <reporter-output>
          </reporter-output>
        </test-method> <!-- setUpClass -->
        <test-method signature="runScenario(io.cucumber.testng.PickleWrapper,io.cucumber.testng.FeatureWrapper)[pri:0, instance:com.runner.TestRunnerTestNG@7530ad9c]" started-at="2025-09-11T17:56:10 IST" name="runScenario" description="Runs Cucumber Scenarios" data-provider="scenarios" finished-at="2025-09-11T17:56:10 IST" duration-ms="95" status="PASS">
          <params>
            <param index="0">
              <value>
                <![CDATA["Get the details of the property and owner successfully"]]>
              </value>
            </param>
            <param index="1">
              <value>
                <![CDATA["Test Buying a property"]]>
              </value>
            </param>
          </params>
          <reporter-output>
          </reporter-output>
        </test-method> <!-- runScenario -->
        <test-method signature="runScenario(io.cucumber.testng.PickleWrapper,io.cucumber.testng.FeatureWrapper)[pri:0, instance:com.runner.TestRunnerTestNG@7530ad9c]" started-at="2025-09-11T17:56:10 IST" name="runScenario" description="Runs Cucumber Scenarios" data-provider="scenarios" finished-at="2025-09-11T17:57:29 IST" duration-ms="79042" status="PASS">
          <params>
            <param index="0">
              <value>
                <![CDATA["Valid user login successfully"]]>
              </value>
            </param>
            <param index="1">
              <value>
                <![CDATA["Test Buying a property"]]>
              </value>
            </param>
          </params>
          <reporter-output>
          </reporter-output>
        </test-method> <!-- runScenario -->
        <test-method signature="runScenario(io.cucumber.testng.PickleWrapper,io.cucumber.testng.FeatureWrapper)[pri:0, instance:com.runner.TestRunnerTestNG@7530ad9c]" started-at="2025-09-11T17:57:29 IST" name="runScenario" description="Runs Cucumber Scenarios" data-provider="scenarios" finished-at="2025-09-11T17:57:37 IST" duration-ms="8151" status="PASS">
          <params>
            <param index="0">
              <value>
                <![CDATA["Search and validate property listings by location"]]>
              </value>
            </param>
            <param index="1">
              <value>
                <![CDATA["Magicbricks Property Search"]]>
              </value>
            </param>
          </params>
          <reporter-output>
          </reporter-output>
        </test-method> <!-- runScenario -->
        <test-method signature="runScenario(io.cucumber.testng.PickleWrapper,io.cucumber.testng.FeatureWrapper)[pri:0, instance:com.runner.TestRunnerTestNG@7530ad9c]" started-at="2025-09-11T17:57:37 IST" name="runScenario" description="Runs Cucumber Scenarios" data-provider="scenarios" finished-at="2025-09-11T17:57:46 IST" duration-ms="8971" status="PASS">
          <params>
            <param index="0">
              <value>
                <![CDATA["Verify shortlisting a property from the listing results"]]>
              </value>
            </param>
            <param index="1">
              <value>
                <![CDATA["Shortlist property from listing page"]]>
              </value>
            </param>
          </params>
          <reporter-output>
          </reporter-output>
        </test-method> <!-- runScenario -->
        <test-method signature="runScenario(io.cucumber.testng.PickleWrapper,io.cucumber.testng.FeatureWrapper)[pri:0, instance:com.runner.TestRunnerTestNG@7530ad9c]" started-at="2025-09-11T17:57:46 IST" name="runScenario" description="Runs Cucumber Scenarios" data-provider="scenarios" finished-at="2025-09-11T17:57:51 IST" duration-ms="4716" status="PASS">
          <params>
            <param index="0">
              <value>
                <![CDATA["Explore tips and growth for a specific location"]]>
              </value>
            </param>
            <param index="1">
              <value>
                <![CDATA["Tips and Growth to make informed decisions"]]>
              </value>
            </param>
          </params>
          <reporter-output>
          </reporter-output>
        </test-method> <!-- runScenario -->
        <test-method signature="runScenario(io.cucumber.testng.PickleWrapper,io.cucumber.testng.FeatureWrapper)[pri:0, instance:com.runner.TestRunnerTestNG@7530ad9c]" started-at="2025-09-11T17:57:51 IST" name="runScenario" description="Runs Cucumber Scenarios" data-provider="scenarios" finished-at="2025-09-11T17:58:04 IST" duration-ms="13828" status="PASS">
          <params>
            <param index="0">
              <value>
                <![CDATA["Compare Ambattur Chennai with Tambaram Chennai"]]>
              </value>
            </param>
            <param index="1">
              <value>
                <![CDATA["Compare Two Propertiesto make Decisions"]]>
              </value>
            </param>
          </params>
          <reporter-output>
          </reporter-output>
        </test-method> <!-- runScenario -->
        <test-method is-config="true" signature="tearDownClass()[pri:0, instance:com.runner.TestRunnerTestNG@7530ad9c]" started-at="2025-09-11T17:58:04 IST" name="tearDownClass" finished-at="2025-09-11T17:58:05 IST" duration-ms="442" status="PASS">
          <reporter-output>
          </reporter-output>
        </test-method> <!-- tearDownClass -->
      </class> <!-- com.runner.TestRunnerTestNG -->
    </test> <!-- Default test -->
  </suite> <!-- Default suite -->
</testng-results>
