<?xml version="1.0" encoding="UTF-8"?>
<!-- Generated by org.testng.reporters.JUnitReportReporter -->
<testsuite hostname="LAPTOP-DR1AJJIK" failures="1" tests="15" name="com.runner.TestRunnerTestNG" time="195.894" errors="0" timestamp="2025-09-12T21:24:17 IST" skipped="0">
  <testcase classname="com.runner.TestRunnerTestNG" name="runScenario" time="62.094"/>
  <testcase classname="com.runner.TestRunnerTestNG" name="runScenario" time="8.163">
    <failure message="Failed to redirect to property listing page. expected [true] but found [false]" type="java.lang.AssertionError">
      <![CDATA[java.lang.AssertionError: Failed to redirect to property listing page. expected [true] but found [false]
at org.testng.Assert.fail(Assert.java:111)
at org.testng.Assert.failNotEquals(Assert.java:1590)
at org.testng.Assert.assertTrue(Assert.java:57)
at com.stepdefinition.SearchHomeSteps.the_user_should_be_redirected_to_the_property_listing_page(SearchHomeSteps.java:63)
at ✽.the user should be redirected to the property listing page(file:///C:/Users/Jyothirmye/eclipse-workspace/Test_Magicbricks/src/test/resources/features/searchhome.feature:9)
]]>
    </failure>
  </testcase> <!-- runScenario -->
  <testcase classname="com.runner.TestRunnerTestNG" name="runScenario" time="7.017"/>
  <testcase classname="com.runner.TestRunnerTestNG" name="runScenario" time="12.483"/>
  <testcase classname="com.runner.TestRunnerTestNG" name="runScenario" time="11.740"/>
  <testcase classname="com.runner.TestRunnerTestNG" name="runScenario" time="10.003"/>
  <testcase classname="com.runner.TestRunnerTestNG" name="runScenario" time="11.923"/>
  <testcase classname="com.runner.TestRunnerTestNG" name="runScenario" time="11.017"/>
  <testcase classname="com.runner.TestRunnerTestNG" name="runScenario" time="12.594"/>
  <testcase classname="com.runner.TestRunnerTestNG" name="runScenario" time="8.814"/>
  <testcase classname="com.runner.TestRunnerTestNG" name="runScenario" time="11.370"/>
  <testcase classname="com.runner.TestRunnerTestNG" name="runScenario" time="7.574"/>
  <testcase classname="com.runner.TestRunnerTestNG" name="runScenario" time="8.396"/>
  <testcase classname="com.runner.TestRunnerTestNG" name="runScenario" time="4.688"/>
  <testcase classname="com.runner.TestRunnerTestNG" name="runScenario" time="8.018"/>
</testsuite> <!-- com.runner.TestRunnerTestNG -->
